/mnt/papers/Herzfeld_Nat_Neurosci_2018/raw_data/2006/Oscar/O22/O22_2Adapt_BW5L_FW5LCFRDone.smr
/mnt/papers/Herzfeld_Nat_Neurosci_2018/raw_data/2006/Oscar/O22/O22_2PreAdaptCFRDone.smr
/mnt/papers/Herzfeld_Nat_Neurosci_2018/raw_data/2006/Oscar/O13/O13_3_adapt40pct.smr
/mnt/papers/Herzfeld_Nat_Neurosci_2018/raw_data/2006/Oscar/O13/O13_3_adapt30pct.smr
/mnt/papers/Herzfeld_Nat_Neurosci_2018/raw_data/2006/Oscar/O13/O13_3_preadapt.smr
/mnt/papers/Herzfeld_Nat_Neurosci_2018/raw_data/2006/Oscar/O13/O13_3_adapt40pctB.smr
/mnt/papers/Herzfeld_Nat_Neurosci_2018/raw_data/2006/Oscar/O41/O41_1_FW5L_BW5R_A.smr
/mnt/papers/Herzfeld_Nat_Neurosci_2018/raw_data/2006/Oscar/O41/O41_1_pre.smr
/mnt/papers/Herzfeld_Nat_Neurosci_2018/raw_data/2006/Oscar/O29/O29_4Adapt_FW5L_BW5RCFR611sec.smr
/mnt/papers/Herzfeld_Nat_Neurosci_2018/raw_data/2006/Oscar/O29/O29_4PreAdaptCFRDone.smr
/mnt/papers/Herzfeld_Nat_Neurosci_2018/raw_data/2008_Random/Kimo/K14/error_direction/K14_1_directionaltest.smr
/mnt/papers/Herzfeld_Nat_Neurosci_2018/raw_data/2008_Random/Kimo/K14/error_magnitude/K14_1_errorsizetest.smr
/mnt/papers/Herzfeld_Nat_Neurosci_2018/raw_data/2008_Random/Kimo/K33/error_direction/K33_1dirtest.smr
/mnt/papers/Herzfeld_Nat_Neurosci_2018/raw_data/2008_Random/Kimo/K33/error_direction/K33_2dirtest.smr
/mnt/papers/Herzfeld_Nat_Neurosci_2018/raw_data/2008_Random/Kimo/K33/error_magnitude/K33_1Verrortest.smr
/mnt/papers/Herzfeld_Nat_Neurosci_2018/raw_data/2008_Random/Kimo/K33/error_magnitude/K33_2Herrortest.smr
/mnt/papers/Herzfeld_Nat_Neurosci_2018/raw_data/2008_Random/Kimo/K45/error_direction/K45_1_ErrorDirectionTest.smr
/mnt/papers/Herzfeld_Nat_Neurosci_2018/raw_data/2008_Random/Kimo/K45/error_magnitude/K45_1_ErrorSizetest315degDir.smr
/mnt/papers/Herzfeld_Nat_Neurosci_2018/raw_data/2008_Random/Kimo/K21/error_direction/K21_2_directionaltest.smr
/mnt/papers/Herzfeld_Nat_Neurosci_2018/raw_data/2008_Random/Kimo/K69/error_direction/K69_1_DirTuning.smr
/mnt/papers/Herzfeld_Nat_Neurosci_2018/raw_data/2008_Random/Kimo/K69/error_magnitude/K69_1_ErrorSize45degDir.smr
/mnt/papers/Herzfeld_Nat_Neurosci_2018/raw_data/2008_Random/Kimo/K40/error_direction/K40_1_Dirtuning.smr
/mnt/papers/Herzfeld_Nat_Neurosci_2018/raw_data/2008_Random/Kimo/K40/error_magnitude/K40_1_ErrorSizeHorLINCOR.smr
/mnt/papers/Herzfeld_Nat_Neurosci_2018/raw_data/2008_Random/Kimo/K16/error_direction/K16_2_directionaltest.smr
/mnt/papers/Herzfeld_Nat_Neurosci_2018/raw_data/2008_Random/Step/S38/error_direction/S38_1_directionaltuning.smr
/mnt/papers/Herzfeld_Nat_Neurosci_2018/raw_data/2008_Random/Step/S38/error_magnitude/S38_1_315degErrorTest.smr
/mnt/papers/Herzfeld_Nat_Neurosci_2018/raw_data/2008_Random/Step/S36/error_direction/S36_1_directionaltuning.smr
/mnt/papers/Herzfeld_Nat_Neurosci_2018/raw_data/2008_Random/Step/S36/error_magnitude/S36_1_135degErrorTest.smr
/mnt/papers/Herzfeld_Nat_Neurosci_2018/raw_data/2008_Random/Step/S27/error_direction/S27_1_DirectionalTuning.smr
/mnt/papers/Herzfeld_Nat_Neurosci_2018/raw_data/2008_Random/Step/S27/error_magnitude/S27_1_HorzErrorSizetest.smr
/mnt/papers/Herzfeld_Nat_Neurosci_2018/raw_data/2008_Random/Step/S34/error_direction/S34_2_directionaltuning.smr
/mnt/papers/Herzfeld_Nat_Neurosci_2018/raw_data/2008_Random/Step/S34/error_direction/S34_1_directionaltuning.smr
/mnt/papers/Herzfeld_Nat_Neurosci_2018/raw_data/2008_Random/Step/S34/error_magnitude/S34_2_315degErrorTest.smr
/mnt/papers/Herzfeld_Nat_Neurosci_2018/raw_data/2010_Adapt/Wyatt/W111308/W111308_1604_Adapt.smr
/mnt/papers/Herzfeld_Nat_Neurosci_2018/raw_data/2010_Adapt/Wyatt/W091008/W091008_1241_List.smr
/mnt/papers/Herzfeld_Nat_Neurosci_2018/raw_data/2010_Adapt/Wyatt/W091008/W091008_1248_Adapt.smr
/mnt/papers/Herzfeld_Nat_Neurosci_2018/raw_data/2010_Adapt/Wyatt/W120308_2/W120308_2_1714_List.smr
/mnt/papers/Herzfeld_Nat_Neurosci_2018/raw_data/2010_Adapt/Wyatt/W120308_2/W120308_2_1622_Adapt.smr
/mnt/papers/Herzfeld_Nat_Neurosci_2018/raw_data/2010_Adapt/Wyatt/W120108/W120108_1622_List.smr
/mnt/papers/Herzfeld_Nat_Neurosci_2018/raw_data/2010_Adapt/Wyatt/W120108/W120108_1634_Adapt.smr
/mnt/papers/Herzfeld_Nat_Neurosci_2018/raw_data/2010_Adapt/Wyatt/W120508_1/W120508_1_1429_Adapt.smr
/mnt/papers/Herzfeld_Nat_Neurosci_2018/raw_data/2010_Adapt/Wyatt/W120508_1/W120508_1_1420_List.smr
/mnt/papers/Herzfeld_Nat_Neurosci_2018/raw_data/2010_Adapt/Wyatt/W120508_2/W120508_2_1548_Adapt.smr
/mnt/papers/Herzfeld_Nat_Neurosci_2018/raw_data/2010_Adapt/Wyatt/W120508_2/W120508_2_1628_List.smr
/mnt/papers/Herzfeld_Nat_Neurosci_2018/raw_data/2010_Adapt/Wyatt/W091208/W091208_1348_Adapt.smr
/mnt/papers/Herzfeld_Nat_Neurosci_2018/raw_data/2010_Adapt/Wyatt/W091208/W091208_1337_List.smr
/mnt/papers/Herzfeld_Nat_Neurosci_2018/raw_data/2010_Adapt/Wyatt/W120208_1/W120208_1_1418_List.smr
/mnt/papers/Herzfeld_Nat_Neurosci_2018/raw_data/2010_Adapt/Wyatt/W120208_1/W120208_1_1428_Adapt.smr
/mnt/papers/Herzfeld_Nat_Neurosci_2018/raw_data/2010_Adapt/Buckley_25deg/B110807/B110807_1632_List.smr
/mnt/papers/Herzfeld_Nat_Neurosci_2018/raw_data/2010_Adapt/Buckley_25deg/B101707/B101707_1333_List.smr
/mnt/papers/Herzfeld_Nat_Neurosci_2018/raw_data/2010_Adapt/Buckley_25deg/B111507/B111507_1528_List.smr
/mnt/papers/Herzfeld_Nat_Neurosci_2018/raw_data/2010_Adapt/Buckley_25deg/B082107/B082107_1340_List.smr
/mnt/papers/Herzfeld_Nat_Neurosci_2018/raw_data/2010_Adapt/Buckley_25deg/B121407_1/B121407_1_1124_List.smr
/mnt/papers/Herzfeld_Nat_Neurosci_2018/raw_data/2010_Adapt/Buckley_25deg/B121807/B121807_1135_List.smr
/mnt/papers/Herzfeld_Nat_Neurosci_2018/raw_data/2010_Adapt/Buckley_25deg/B090407/B090407_1526_List.smr
/mnt/papers/Herzfeld_Nat_Neurosci_2018/raw_data/2010_Adapt/Buckley_25deg/B082207/B082207_1505_List.smr
/mnt/papers/Herzfeld_Nat_Neurosci_2018/raw_data/2010_Adapt/Buckley_25deg/B091707/B091707_1414_List.smr
/mnt/papers/Herzfeld_Nat_Neurosci_2018/raw_data/2010_Adapt/Felix/F091106/F091106_0949_List.smr
/mnt/papers/Herzfeld_Nat_Neurosci_2018/raw_data/2010_Adapt/Felix/F091106/F091106_1002_Adapt.smr
/mnt/papers/Herzfeld_Nat_Neurosci_2018/raw_data/2010_Adapt/Felix/F090606/F090606_ 1325_Adapt.smr
/mnt/papers/Herzfeld_Nat_Neurosci_2018/raw_data/2010_Adapt/Felix/F090606/F090606_ 1313_List.smr
/mnt/papers/Herzfeld_Nat_Neurosci_2018/raw_data/2010_Adapt/Felix/F102506/F102506_1506_List.smr
/mnt/papers/Herzfeld_Nat_Neurosci_2018/raw_data/2010_Adapt/Felix/F102506/F102506_1518_Adapt.smr
/mnt/papers/Herzfeld_Nat_Neurosci_2018/raw_data/2010_Adapt/Felix/F112006/F112006_1446_List.smr
/mnt/papers/Herzfeld_Nat_Neurosci_2018/raw_data/2010_Adapt/Felix/F112006/F112006_1501_Adapt.smr
/mnt/papers/Herzfeld_Nat_Neurosci_2018/raw_data/2010_Adapt/Felix/F101106/F101106_1311_List.smr
/mnt/papers/Herzfeld_Nat_Neurosci_2018/raw_data/2010_Adapt/Felix/F101106/F101106_1324_Adapt.smr
/mnt/papers/Herzfeld_Nat_Neurosci_2018/raw_data/2010_Adapt/Felix/F102006/F102006_0933_Adapt.smr
/mnt/papers/Herzfeld_Nat_Neurosci_2018/raw_data/2010_Adapt/Felix/F102006/F102006_0916_List.smr
/mnt/papers/Herzfeld_Nat_Neurosci_2018/raw_data/2010_Adapt/Felix/F100906/F100906_1343_List.smr
/mnt/papers/Herzfeld_Nat_Neurosci_2018/raw_data/2010_Adapt/Felix/F100906/F100906_1358_Adapt.smr
/mnt/papers/Herzfeld_Nat_Neurosci_2018/raw_data/2010_Adapt/Felix/F110706/F110706_1413_List.smr
/mnt/papers/Herzfeld_Nat_Neurosci_2018/raw_data/2010_Adapt/Felix/F110706/F110706_1421_Adapt.smr
/mnt/papers/Herzfeld_Nat_Neurosci_2018/raw_data/2010_Adapt/Felix/F102706/F102706_1435_List.smr
/mnt/papers/Herzfeld_Nat_Neurosci_2018/raw_data/2010_Adapt/Felix/F102706/F102706_1449_Adapt.smr
/mnt/papers/Herzfeld_Nat_Neurosci_2018/raw_data/2010_Adapt/Felix/F101606/F101606_1323_Adapt.smr
/mnt/papers/Herzfeld_Nat_Neurosci_2018/raw_data/2010_Adapt/Felix/F101606/F101606_1308_List.smr
/mnt/papers/Herzfeld_Nat_Neurosci_2018/raw_data/2010_Adapt/Felix/F110206/F110206_1411_Adapt.smr
/mnt/papers/Herzfeld_Nat_Neurosci_2018/raw_data/2010_Adapt/Felix/F110206/F110206_1400_List.smr
/mnt/papers/Herzfeld_Nat_Neurosci_2018/raw_data/2010_Adapt/Buckley_12deg/B101308/B101308_1342_List.smr
/mnt/papers/Herzfeld_Nat_Neurosci_2018/raw_data/2010_Adapt/Buckley_12deg/B101308/B101308_1351_Adapt.smr
/mnt/papers/Herzfeld_Nat_Neurosci_2018/raw_data/2010_Adapt/Buckley_12deg/B101308/B101308_1443_AdaptForward.smr
/mnt/papers/Herzfeld_Nat_Neurosci_2018/raw_data/2010_Adapt/Buckley_12deg/B091608/B091608_1218_Adapt.smr
/mnt/papers/Herzfeld_Nat_Neurosci_2018/raw_data/2010_Adapt/Buckley_12deg/B091608/B091608_1306_AdaptForward.smr
/mnt/papers/Herzfeld_Nat_Neurosci_2018/raw_data/2010_Adapt/Buckley_12deg/B091608/B091608_1429_AdaptCTRL.smr
/mnt/papers/Herzfeld_Nat_Neurosci_2018/raw_data/2010_Adapt/Buckley_12deg/B091608/B091608_1208_List.smr
/mnt/papers/Herzfeld_Nat_Neurosci_2018/raw_data/2010_Adapt/Buckley_12deg/B091908_2/B091908_2_1550_List.smr
/mnt/papers/Herzfeld_Nat_Neurosci_2018/raw_data/2010_Adapt/Buckley_12deg/B091908_2/B091908_21602_Adapt.smr
/mnt/papers/Herzfeld_Nat_Neurosci_2018/raw_data/2010_Adapt/Buckley_12deg/B091208/B091208_1545_List.smr
/mnt/papers/Herzfeld_Nat_Neurosci_2018/raw_data/2010_Adapt/Buckley_12deg/B091208/B091208_AdaptForward.smr
/mnt/papers/Herzfeld_Nat_Neurosci_2018/raw_data/2010_Adapt/Buckley_12deg/B091208/B091208_1554_Adapt.smr
/mnt/papers/Herzfeld_Nat_Neurosci_2018/raw_data/2010_Adapt/Buckley_12deg/B100308_2/B100308_2_1403_List.smr
/mnt/papers/Herzfeld_Nat_Neurosci_2018/raw_data/2010_Adapt/Buckley_12deg/B100308_2/B100308_2_1504_AdaptForward.smr
/mnt/papers/Herzfeld_Nat_Neurosci_2018/raw_data/2010_Adapt/Buckley_12deg/B100308_2/B100308_2_1412_Adapt.smr
/mnt/papers/Herzfeld_Nat_Neurosci_2018/raw_data/2010_Adapt/Buckley_12deg/B093008/B093008_1149_List.smr
/mnt/papers/Herzfeld_Nat_Neurosci_2018/raw_data/2010_Adapt/Buckley_12deg/B093008/B093008_1200_Adapt.smr
/mnt/papers/Herzfeld_Nat_Neurosci_2018/raw_data/2010_Adapt/Buckley_12deg/B093008/B093008_1242_AdaptForward.smr
/mnt/papers/Herzfeld_Nat_Neurosci_2018/raw_data/2010_Adapt/Buckley_12deg/B091908_1/B091908_1_1509_Adapt.smr
/mnt/papers/Herzfeld_Nat_Neurosci_2018/raw_data/2010_Adapt/Buckley_12deg/B091908_1/B091908_1_1500_List.smr
